<?xml version="1.0" encoding="UTF-8"?>
<!-- Generated by org.testng.reporters.JUnitReportReporter -->
<testsuite hostname="DESKTOP-OO58V26" failures="0" tests="3" name="Day21.TestNG" time="0.019" errors="0" timestamp="2024-08-06T12:27:45 IST" skipped="0">
  <testcase classname="Day21.TestNG" name="open" time="0.010"/>
  <system-out/>
  <testcase classname="Day21.TestNG" name="login" time="0.006"/>
  <system-out/>
  <testcase classname="Day21.TestNG" name="logout" time="0.003"/>
  <system-out/>
</testsuite> <!-- Day21.TestNG -->
