<?xml version="1.0" encoding="UTF-8"?>
<!-- Generated by org.testng.reporters.JUnitReportReporter -->
<testsuite hostname="DESKTOP-OO58V26" failures="0" tests="1" name="Day21.NewTestNG" time="0.001" errors="0" timestamp="2024-08-06T12:27:45 IST" skipped="0">
  <testcase classname="Day21.NewTestNG" name="f" time="0.001"/>
  <system-out/>
</testsuite> <!-- Day21.NewTestNG -->
